<?xml version="1.0" encoding="UTF-8"?>
<!-- Generated by org.testng.reporters.JUnitReportReporter -->
<testsuite skipped="0" hostname="LAPTOP-J8H6GN1T" name="testNG.GoogleTest" tests="8" failures="0" timestamp="2020-08-10T15:21:22 EDT" time="77.533" errors="0">
  <testcase name="TitleTest1" time="11.235" classname="testNG.GoogleTest"/>
  <system-out/>
  <testcase name="LogoTest1" time="10.595" classname="testNG.GoogleTest"/>
  <system-out/>
  <testcase name="LinkTest1" time="10.573" classname="testNG.GoogleTest"/>
  <system-out/>
  <testcase name="LinkTest2" time="10.680" classname="testNG.GoogleTest"/>
  <system-out/>
  <testcase name="ButtonTest1" time="10.484" classname="testNG.GoogleTest"/>
  <system-out/>
  <testcase name="ButtonTest2" time="6.336" classname="testNG.GoogleTest"/>
  <system-out/>
  <testcase name="ButtonTest3" time="7.010" classname="testNG.GoogleTest"/>
  <system-out/>
  <testcase name="ButtonTest4" time="10.620" classname="testNG.GoogleTest"/>
  <system-out/>
</testsuite> <!-- testNG.GoogleTest -->
